app/build/intermediates/manifest_merge_blame_file/debug/manifest-merger-blame-debug-report.txt
1<?xml version="1.0" encoding="utf-8"?>
2<manifest xmlns:android="http://schemas.android.com/apk/res/android"
3    package="com.utsavbucky.onebanc"
4    android:versionCode="1"
5    android:versionName="1.0" >
6
7    <uses-sdk
8        android:minSdkVersion="16"
8-->src\main\AndroidManifest.xml
9        android:targetSdkVersion="29" />
9-->src\main\AndroidManifest.xml
10
11    <uses-permission android:name="android.permission.INTERNET" />
11-->src\main\AndroidManifest.xml:4:5-66
11-->src\main\AndroidManifest.xml:4:22-64
12
13    <application
13-->src\main\AndroidManifest.xml:6:5-26:19
14        android:name="com.utsavbucky.onebanc.OneBacApp"
14-->src\main\AndroidManifest.xml:7:9-34
15        android:allowBackup="true"
15-->src\main\AndroidManifest.xml:8:9-35
16        android:appComponentFactory="androidx.core.app.CoreComponentFactory"
16-->[androidx.core:core:1.1.0] AndroidManifest.xml:24:18-86
17        android:debuggable="true"
18        android:icon="@mipmap/ic_launcher"
18-->src\main\AndroidManifest.xml:9:9-43
19        android:label="@string/app_name"
19-->src\main\AndroidManifest.xml:10:9-41
20        android:roundIcon="@mipmap/ic_launcher_round"
20-->src\main\AndroidManifest.xml:11:9-54
21        android:supportsRtl="true"
21-->src\main\AndroidManifest.xml:12:9-35
22        android:testOnly="true"
23        android:theme="@style/Theme.OneBanc" >
23-->src\main\AndroidManifest.xml:13:9-45
24        <activity
24-->src\main\AndroidManifest.xml:14:9-15:57
25            android:name="com.utsavbucky.onebanc.checkout"
25-->src\main\AndroidManifest.xml:14:19-43
26            android:parentActivityName="com.utsavbucky.onebanc.MenuActivity" />
26-->src\main\AndroidManifest.xml:15:13-55
27        <activity
27-->src\main\AndroidManifest.xml:16:9-18:15
28            android:name="com.utsavbucky.onebanc.MenuActivity"
28-->src\main\AndroidManifest.xml:16:19-47
29            android:parentActivityName="com.utsavbucky.onebanc.MainActivity" />
29-->src\main\AndroidManifest.xml:17:13-55
30        <activity android:name="com.utsavbucky.onebanc.MainActivity" >
30-->src\main\AndroidManifest.xml:19:9-25:20
30-->src\main\AndroidManifest.xml:19:19-47
31            <intent-filter>
31-->src\main\AndroidManifest.xml:20:13-24:29
32                <action android:name="android.intent.action.MAIN" />
32-->src\main\AndroidManifest.xml:21:17-69
32-->src\main\AndroidManifest.xml:21:25-66
33
34                <category android:name="android.intent.category.LAUNCHER" />
34-->src\main\AndroidManifest.xml:23:17-77
34-->src\main\AndroidManifest.xml:23:27-74
35            </intent-filter>
36        </activity>
37    </application>
38
39</manifest>